<?xml version="1.0" encoding="UTF-8"?>
<testng-results ignored="0" total="1" passed="1" failed="0" skipped="0">
  <reporter-output>
  </reporter-output>
  <suite started-at="2025-08-25T17:02:13 IST" name="Google Suite" finished-at="2025-08-25T17:02:32 IST" duration-ms="19360">
    <groups>
    </groups>
    <test started-at="2025-08-25T17:02:13 IST" name="Google Test" finished-at="2025-08-25T17:02:32 IST" duration-ms="19360">
      <class name="tests.GoogleTest">
        <test-method is-config="true" signature="setup()[pri:0, instance:tests.GoogleTest@5a45133e]" started-at="2025-08-25T17:02:13 IST" name="setup" finished-at="2025-08-25T17:02:28 IST" duration-ms="14568" status="PASS">
          <reporter-output>
          </reporter-output>
        </test-method> <!-- setup -->
        <test-method signature="openGoogle()[pri:0, instance:tests.GoogleTest@5a45133e]" started-at="2025-08-25T17:02:28 IST" name="openGoogle" finished-at="2025-08-25T17:02:31 IST" duration-ms="3845" status="PASS">
          <reporter-output>
          </reporter-output>
        </test-method> <!-- openGoogle -->
        <test-method is-config="true" signature="teardown()[pri:0, instance:tests.GoogleTest@5a45133e]" started-at="2025-08-25T17:02:31 IST" name="teardown" finished-at="2025-08-25T17:02:32 IST" duration-ms="869" status="PASS">
          <reporter-output>
          </reporter-output>
        </test-method> <!-- teardown -->
      </class> <!-- tests.GoogleTest -->
    </test> <!-- Google Test -->
  </suite> <!-- Google Suite -->
</testng-results>
